<?xml version="1.0" encoding="UTF-8"?>
<!-- Generated by org.testng.reporters.JUnitReportReporter -->
<testsuite hostname="DESKTOP-20UHEP8" failures="0" tests="3" name="testcases.RegistrationTestCases" time="141.721" errors="0" timestamp="2024-05-19T18:58:27 IST" skipped="0">
  <testcase classname="testcases.RegistrationTestCases" name="verifyRegisterationWithValidData" time="44.736"/>
  <system-out/>
  <testcase classname="testcases.RegistrationTestCases" name="verifyRegisterationWithInvalidValidData" time="39.746"/>
  <system-out/>
  <testcase classname="testcases.RegistrationTestCases" name="verifyRegisterationWithBlankData" time="57.239"/>
  <system-out/>
</testsuite> <!-- testcases.RegistrationTestCases -->
